<?xml version="1.0" encoding="UTF-8"?>
<!-- Generated by org.testng.reporters.JUnitReportReporter -->
<testsuite hostname="LAPTOP-MR7PA18F" name="TC04_GET_GetAllHeadersWithValues" tests="1" failures="0" timestamp="26 Mar 2020 14:34:21 GMT" time="3.702" errors="0">
  <testcase name="googleMapAPI" time="3.702" classname="TC04_GET_GetAllHeadersWithValues"/>
</testsuite> <!-- TC04_GET_GetAllHeadersWithValues -->
