<?xml version="1.0" encoding="UTF-8"?>
<!-- Generated by org.testng.reporters.JUnitReportReporter -->
<testsuite hostname="LAPTOP-MR7PA18F" name="TC03_GET_GoogleMapAPI" tests="1" failures="0" timestamp="26 Mar 2020 13:46:27 GMT" time="4.435" errors="0">
  <testcase name="googleMapTest" time="4.435" classname="TC03_GET_GoogleMapAPI"/>
</testsuite> <!-- TC03_GET_GoogleMapAPI -->
