<?xml version="1.0" encoding="UTF-8"?>
<!-- Generated by org.testng.reporters.JUnitReportReporter -->
<testsuite hostname="LAPTOP-MR7PA18F" name="DDTesting.DDtesting_POST_Excel" tests="4" failures="0" timestamp="27 Mar 2020 01:53:01 GMT" time="6.317" errors="0">
  <testcase name="postNewEmployeeCreation" time="3.824" classname="DDTesting.DDtesting_POST_Excel"/>
  <testcase name="postNewEmployeeCreation" time="0.839" classname="DDTesting.DDtesting_POST_Excel"/>
  <testcase name="postNewEmployeeCreation" time="0.830" classname="DDTesting.DDtesting_POST_Excel"/>
  <testcase name="postNewEmployeeCreation" time="0.824" classname="DDTesting.DDtesting_POST_Excel"/>
</testsuite> <!-- DDTesting.DDtesting_POST_Excel -->
