<?xml version="1.0" encoding="UTF-8"?>
<!-- Generated by org.testng.reporters.JUnitReportReporter -->
<testsuite hostname="LAPTOP-MR7PA18F" name="DDTesting.DDTest_PostReq" tests="3" failures="0" timestamp="27 Mar 2020 00:37:02 GMT" time="6.043" errors="0">
  <testcase name="postNewEmployeeCreation" time="0.856" classname="DDTesting.DDTest_PostReq"/>
  <testcase name="postNewEmployeeCreation" time="4.314" classname="DDTesting.DDTest_PostReq"/>
  <testcase name="postNewEmployeeCreation" time="0.873" classname="DDTesting.DDTest_PostReq"/>
</testsuite> <!-- DDTesting.DDTest_PostReq -->
