<?xml version="1.0" encoding="UTF-8"?>
<!-- Generated by org.testng.reporters.JUnitReportReporter -->
<testsuite hostname="LAPTOP-MR7PA18F" name="TC02_POST_Register_Customer" tests="1" failures="0" timestamp="26 Mar 2020 13:27:18 GMT" time="4.275" errors="0">
  <testcase name="RegisterCustomer" time="4.275" classname="TC02_POST_Register_Customer"/>
</testsuite> <!-- TC02_POST_Register_Customer -->
