<?xml version="1.0" encoding="UTF-8"?>
<!-- Generated by org.testng.reporters.JUnitReportReporter -->
<testsuite hostname="LAPTOP-MR7PA18F" name="TC01_Wheather_GET_Request" tests="1" failures="0" timestamp="26 Mar 2020 12:24:09 GMT" time="3.588" errors="0">
  <testcase name="getWeatherDetails" time="3.588" classname="TC01_Wheather_GET_Request"/>
</testsuite> <!-- TC01_Wheather_GET_Request -->
