<?xml version="1.0" encoding="UTF-8"?>
<!-- Generated by org.testng.reporters.JUnitReportReporter -->
<testsuite hostname="LAPTOP-MR7PA18F" name="TC05_GET_ValidatingJsonResponse" tests="1" failures="0" timestamp="26 Mar 2020 14:53:04 GMT" time="5.760" errors="0">
  <testcase name="validatingJsonResponseWeatherAPI" time="5.760" classname="TC05_GET_ValidatingJsonResponse"/>
</testsuite> <!-- TC05_GET_ValidatingJsonResponse -->
