<?xml version="1.0" encoding="UTF-8"?>
<!-- Generated by org.testng.reporters.JUnitReportReporter -->
<testsuite hostname="LAPTOP-MR7PA18F" name="TC07_GET_Authorization" tests="1" failures="0" timestamp="26 Mar 2020 15:29:42 GMT" time="4.054" errors="0">
  <testcase name="AuthorizationTest" time="4.054" classname="TC07_GET_Authorization"/>
</testsuite> <!-- TC07_GET_Authorization -->
