<?xml version="1.0" encoding="UTF-8"?>
<!-- Generated by org.testng.reporters.JUnitReportReporter -->
<testsuite hostname="LAPTOP-MR7PA18F" name="TC06_GET_VlaidateJSONAllValues" tests="1" failures="0" timestamp="26 Mar 2020 15:08:00 GMT" time="5.492" errors="0">
  <testcase name="validateJSONAllValues" time="5.492" classname="TC06_GET_VlaidateJSONAllValues"/>
</testsuite> <!-- TC06_GET_VlaidateJSONAllValues -->
